<?xml version="1.0" encoding="UTF-8"?>
<!-- Generated by org.testng.reporters.JUnitXMLReporter -->
<testsuite hostname="ADMIN-PC" ignored="0" name="Test" tests="6" failures="0" timestamp="21 Oct 2021 08:43:02 GMT" time="0.3" errors="0">
  <testcase name="hello" time="0.047" classname="org.test.SampleClass"/>
  <testcase name="hello1" time="0.0" classname="org.test.SampleClass"/>
  <testcase name="hello2" time="0.015" classname="org.test.SampleClass"/>
  <testcase name="test" time="0.016" classname="org.test.testSuite"/>
  <testcase name="test1" time="0.0" classname="org.test.testSuite"/>
  <testcase name="test2" time="0.0" classname="org.test.testSuite"/>
</testsuite> <!-- Test -->
